-------------------------------------------------------------------------------
Test set: com.gem.xmgc.XmgcApplicationTests
-------------------------------------------------------------------------------
Tests run: 1, Failures: 0, Errors: 1, Skipped: 0, Time elapsed: 0.002 s <<< FAILURE! - in com.gem.xmgc.XmgcApplicationTests
initializationError(com.gem.xmgc.XmgcApplicationTests)  Time elapsed: 0.001 s  <<< ERROR!
java.lang.Exception: No runnable methods

