<?xml version="1.0" encoding="UTF-8"?>
<testsuite xmlns:xsi="http://www.w3.org/2001/XMLSchema-instance" xsi:noNamespaceSchemaLocation="https://maven.apache.org/surefire/maven-surefire-plugin/xsd/surefire-test-report.xsd" name="com.gem.xmgc.service.PaperServiceImplTest" time="0.45" tests="8" errors="3" skipped="0" failures="0">
  <properties>
[...]
</properties>
  <testcase name="removePaperDetailById" classname="com.gem.xmgc.service.PaperServiceImplTest" time="0.035"/>
  <testcase name="editPaper" classname="com.gem.xmgc.service.PaperServiceImplTest" time="0.036"/>
  <testcase name="findPaperByClassIdTest" classname="com.gem.xmgc.service.PaperServiceImplTest" time="0.049">
    <error message="nested exception is org.apache.ibatis.exceptions.PersistenceException: &#10;### Error querying database.  Cause: com.baomidou.mybatisplus.core.exceptions.MybatisPlusException: Error: Method queryTotal execution error of sql : &#10; SELECT COUNT(1) FROM ( SELECT u.*, p.p_name FROM usepaper u JOIN paperinfo p JOIN class c WHERE u.statu = 0 GROUP BY u.id ) TOTAL &#10;&#10;### The error may exist in file [C:\Users\90479\Desktop\xmgc1\xmgc\target\classes\com\gem\xmgc\mapper\UsePaperMapper.xml]&#10;### The error may involve defaultParameterMap&#10;### The error occurred while setting parameters&#10;### Cause: com.baomidou.mybatisplus.core.exceptions.MybatisPlusException: Error: Method queryTotal execution error of sql : &#10; SELECT COUNT(1) FROM ( SELECT u.*, p.p_name FROM usepaper u JOIN paperinfo p JOIN class c WHERE u.statu = 0 GROUP BY u.id ) TOTAL &#10;" type="org.mybatis.spring.MyBatisSystemException">org.mybatis.spring.MyBatisSystemException: 
nested exception is org.apache.ibatis.exceptions.PersistenceException: 
### Error querying database.  Cause: com.baomidou.mybatisplus.core.exceptions.MybatisPlusException: Error: Method queryTotal execution error of sql : 
 SELECT COUNT(1) FROM ( SELECT u.*, p.p_name FROM usepaper u JOIN paperinfo p JOIN class c WHERE u.statu = 0 GROUP BY u.id ) TOTAL 

### The error may exist in file [C:\Users\90479\Desktop\xmgc1\xmgc\target\classes\com\gem\xmgc\mapper\UsePaperMapper.xml]
### The error may involve defaultParameterMap
### The error occurred while setting parameters
### Cause: com.baomidou.mybatisplus.core.exceptions.MybatisPlusException: Error: Method queryTotal execution error of sql : 
 SELECT COUNT(1) FROM ( SELECT u.*, p.p_name FROM usepaper u JOIN paperinfo p JOIN class c WHERE u.statu = 0 GROUP BY u.id ) TOTAL 

	at com.gem.xmgc.service.PaperServiceImplTest.findPaperByClassIdTest(PaperServiceImplTest.java:28)
Caused by: org.apache.ibatis.exceptions.PersistenceException: 

### Error querying database.  Cause: com.baomidou.mybatisplus.core.exceptions.MybatisPlusException: Error: Method queryTotal execution error of sql : 
 SELECT COUNT(1) FROM ( SELECT u.*, p.p_name FROM usepaper u JOIN paperinfo p JOIN class c WHERE u.statu = 0 GROUP BY u.id ) TOTAL 

### The error may exist in file [C:\Users\90479\Desktop\xmgc1\xmgc\target\classes\com\gem\xmgc\mapper\UsePaperMapper.xml]
### The error may involve defaultParameterMap
### The error occurred while setting parameters
### Cause: com.baomidou.mybatisplus.core.exceptions.MybatisPlusException: Error: Method queryTotal execution error of sql : 
 SELECT COUNT(1) FROM ( SELECT u.*, p.p_name FROM usepaper u JOIN paperinfo p JOIN class c WHERE u.statu = 0 GROUP BY u.id ) TOTAL 

	at com.gem.xmgc.service.PaperServiceImplTest.findPaperByClassIdTest(PaperServiceImplTest.java:28)
Caused by: com.baomidou.mybatisplus.core.exceptions.MybatisPlusException: 
Error: Method queryTotal execution error of sql : 
 SELECT COUNT(1) FROM ( SELECT u.*, p.p_name FROM usepaper u JOIN paperinfo p JOIN class c WHERE u.statu = 0 GROUP BY u.id ) TOTAL 

	at com.gem.xmgc.service.PaperServiceImplTest.findPaperByClassIdTest(PaperServiceImplTest.java:28)
Caused by: java.sql.SQLSyntaxErrorException: Expression #9 of SELECT list is not in GROUP BY clause and contains nonaggregated column 'test1.p.p_name' which is not functionally dependent on columns in GROUP BY clause; this is incompatible with sql_mode=only_full_group_by
	at com.gem.xmgc.service.PaperServiceImplTest.findPaperByClassIdTest(PaperServiceImplTest.java:28)
</error>
    <system-out><![CDATA[DEBUG==>  Preparing: SELECT COUNT(1) FROM ( SELECT u.*, p.p_name FROM usepaper u JOIN paperinfo p JOIN class c WHERE u.statu = 0 GROUP BY u.id ) TOTAL 
DEBUG==> Parameters: 
#1573372301604 | took 29ms | statement | connection 0| url jdbc:p6spy:mysql://112.124.26.47:3306/test1?useSSL=false&serverTimezone=GMT%2B8
SELECT COUNT(1) FROM ( SELECT u.*, p.p_name FROM usepaper u JOIN paperinfo p JOIN class c WHERE u.statu = 0 GROUP BY u.id ) TOTAL
SELECT COUNT(1) FROM ( SELECT u.*, p.p_name FROM usepaper u JOIN paperinfo p JOIN class c WHERE u.statu = 0 GROUP BY u.id ) TOTAL;
]]></system-out>
  </testcase>
  <testcase name="editTitleList" classname="com.gem.xmgc.service.PaperServiceImplTest" time="0.04"/>
  <testcase name="findPaperByDateAndName" classname="com.gem.xmgc.service.PaperServiceImplTest" time="0.033">
    <error message="nested exception is org.apache.ibatis.exceptions.PersistenceException: &#10;### Error querying database.  Cause: com.baomidou.mybatisplus.core.exceptions.MybatisPlusException: Error: Method queryTotal execution error of sql : &#10; SELECT COUNT(1) FROM ( SELECT u.*, p.p_name FROM usepaper u JOIN paperinfo p JOIN class c WHERE u.statu = 0 AND u.c_id = ? AND date_format(u.start_time, &apos;%Y-%m-%d&apos;) = ? GROUP BY u.id ) TOTAL &#10;&#10;### The error may exist in file [C:\Users\90479\Desktop\xmgc1\xmgc\target\classes\com\gem\xmgc\mapper\UsePaperMapper.xml]&#10;### The error may involve defaultParameterMap&#10;### The error occurred while setting parameters&#10;### Cause: com.baomidou.mybatisplus.core.exceptions.MybatisPlusException: Error: Method queryTotal execution error of sql : &#10; SELECT COUNT(1) FROM ( SELECT u.*, p.p_name FROM usepaper u JOIN paperinfo p JOIN class c WHERE u.statu = 0 AND u.c_id = ? AND date_format(u.start_time, &apos;%Y-%m-%d&apos;) = ? GROUP BY u.id ) TOTAL &#10;" type="org.mybatis.spring.MyBatisSystemException">org.mybatis.spring.MyBatisSystemException: 
nested exception is org.apache.ibatis.exceptions.PersistenceException: 
### Error querying database.  Cause: com.baomidou.mybatisplus.core.exceptions.MybatisPlusException: Error: Method queryTotal execution error of sql : 
 SELECT COUNT(1) FROM ( SELECT u.*, p.p_name FROM usepaper u JOIN paperinfo p JOIN class c WHERE u.statu = 0 AND u.c_id = ? AND date_format(u.start_time, '%Y-%m-%d') = ? GROUP BY u.id ) TOTAL 

### The error may exist in file [C:\Users\90479\Desktop\xmgc1\xmgc\target\classes\com\gem\xmgc\mapper\UsePaperMapper.xml]
### The error may involve defaultParameterMap
### The error occurred while setting parameters
### Cause: com.baomidou.mybatisplus.core.exceptions.MybatisPlusException: Error: Method queryTotal execution error of sql : 
 SELECT COUNT(1) FROM ( SELECT u.*, p.p_name FROM usepaper u JOIN paperinfo p JOIN class c WHERE u.statu = 0 AND u.c_id = ? AND date_format(u.start_time, '%Y-%m-%d') = ? GROUP BY u.id ) TOTAL 

	at com.gem.xmgc.service.PaperServiceImplTest.findPaperByDateAndName(PaperServiceImplTest.java:34)
Caused by: org.apache.ibatis.exceptions.PersistenceException: 

### Error querying database.  Cause: com.baomidou.mybatisplus.core.exceptions.MybatisPlusException: Error: Method queryTotal execution error of sql : 
 SELECT COUNT(1) FROM ( SELECT u.*, p.p_name FROM usepaper u JOIN paperinfo p JOIN class c WHERE u.statu = 0 AND u.c_id = ? AND date_format(u.start_time, '%Y-%m-%d') = ? GROUP BY u.id ) TOTAL 

### The error may exist in file [C:\Users\90479\Desktop\xmgc1\xmgc\target\classes\com\gem\xmgc\mapper\UsePaperMapper.xml]
### The error may involve defaultParameterMap
### The error occurred while setting parameters
### Cause: com.baomidou.mybatisplus.core.exceptions.MybatisPlusException: Error: Method queryTotal execution error of sql : 
 SELECT COUNT(1) FROM ( SELECT u.*, p.p_name FROM usepaper u JOIN paperinfo p JOIN class c WHERE u.statu = 0 AND u.c_id = ? AND date_format(u.start_time, '%Y-%m-%d') = ? GROUP BY u.id ) TOTAL 

	at com.gem.xmgc.service.PaperServiceImplTest.findPaperByDateAndName(PaperServiceImplTest.java:34)
Caused by: com.baomidou.mybatisplus.core.exceptions.MybatisPlusException: 
Error: Method queryTotal execution error of sql : 
 SELECT COUNT(1) FROM ( SELECT u.*, p.p_name FROM usepaper u JOIN paperinfo p JOIN class c WHERE u.statu = 0 AND u.c_id = ? AND date_format(u.start_time, '%Y-%m-%d') = ? GROUP BY u.id ) TOTAL 

	at com.gem.xmgc.service.PaperServiceImplTest.findPaperByDateAndName(PaperServiceImplTest.java:34)
Caused by: java.sql.SQLSyntaxErrorException: Expression #9 of SELECT list is not in GROUP BY clause and contains nonaggregated column 'test1.p.p_name' which is not functionally dependent on columns in GROUP BY clause; this is incompatible with sql_mode=only_full_group_by
	at com.gem.xmgc.service.PaperServiceImplTest.findPaperByDateAndName(PaperServiceImplTest.java:34)
</error>
    <system-out><![CDATA[2018-08-03
DEBUG==>  Preparing: SELECT COUNT(1) FROM ( SELECT u.*, p.p_name FROM usepaper u JOIN paperinfo p JOIN class c WHERE u.statu = 0 AND u.c_id = ? AND date_format(u.start_time, '%Y-%m-%d') = ? GROUP BY u.id ) TOTAL 
DEBUG==> Parameters: 22(Long), 2018-08-03(String)
#1573372301685 | took 13ms | statement | connection 0| url jdbc:p6spy:mysql://112.124.26.47:3306/test1?useSSL=false&serverTimezone=GMT%2B8
SELECT COUNT(1) FROM ( SELECT u.*, p.p_name FROM usepaper u JOIN paperinfo p JOIN class c WHERE u.statu = 0 AND u.c_id = ? AND date_format(u.start_time, '%Y-%m-%d') = ? GROUP BY u.id ) TOTAL
SELECT COUNT(1) FROM ( SELECT u.*, p.p_name FROM usepaper u JOIN paperinfo p JOIN class c WHERE u.statu = 0 AND u.c_id = 22 AND date_format(u.start_time, '%Y-%m-%d') = '2018-08-03' GROUP BY u.id ) TOTAL;
]]></system-out>
  </testcase>
  <testcase name="findAllPaperinfoByClassId" classname="com.gem.xmgc.service.PaperServiceImplTest" time="0.006">
    <error message="nested exception is org.apache.ibatis.binding.BindingException: Parameter &apos;time&apos; not found. Available parameters are [page, id, param1, param2]" type="org.mybatis.spring.MyBatisSystemException">org.mybatis.spring.MyBatisSystemException: nested exception is org.apache.ibatis.binding.BindingException: Parameter 'time' not found. Available parameters are [page, id, param1, param2]
	at com.gem.xmgc.service.PaperServiceImplTest.findAllPaperinfoByClassId(PaperServiceImplTest.java:65)
Caused by: org.apache.ibatis.binding.BindingException: Parameter 'time' not found. Available parameters are [page, id, param1, param2]
	at com.gem.xmgc.service.PaperServiceImplTest.findAllPaperinfoByClassId(PaperServiceImplTest.java:65)
</error>
  </testcase>
  <testcase name="findTitleListById" classname="com.gem.xmgc.service.PaperServiceImplTest" time="0.099"/>
  <testcase name="findAllPaperTest" classname="com.gem.xmgc.service.PaperServiceImplTest" time="0.146"/>
</testsuite>